ERROR 77 [2018-09-02 13:07:21,050] util.JdbcMethod.StoreJdbc - This is error:
com.mysql.jdbc.exceptions.MySQLIntegrityConstraintViolationException: Duplicate entry '15555555555__11' for key 'PRIMARY'
	at com.mysql.jdbc.SQLError.createSQLException(SQLError.java:931)
	at com.mysql.jdbc.MysqlIO.checkErrorPacket(MysqlIO.java:2985)
	at com.mysql.jdbc.MysqlIO.sendCommand(MysqlIO.java:1631)
	at com.mysql.jdbc.MysqlIO.sqlQueryDirect(MysqlIO.java:1723)
	at com.mysql.jdbc.Connection.execSQL(Connection.java:3283)
	at com.mysql.jdbc.PreparedStatement.executeInternal(PreparedStatement.java:1332)
	at com.mysql.jdbc.PreparedStatement.executeUpdate(PreparedStatement.java:1604)
	at com.mysql.jdbc.PreparedStatement.executeUpdate(PreparedStatement.java:1519)
	at com.mysql.jdbc.PreparedStatement.executeUpdate(PreparedStatement.java:1504)
	at util.JdbcMethod.StoreJdbc.insertGoods(StoreJdbc.java:64)
	at control.Store.doStore(Store.java:20)
	at sun.reflect.NativeMethodAccessorImpl.invoke0(Native Method)
	at sun.reflect.NativeMethodAccessorImpl.invoke(NativeMethodAccessorImpl.java:62)
	at sun.reflect.DelegatingMethodAccessorImpl.invoke(DelegatingMethodAccessorImpl.java:43)
	at java.lang.reflect.Method.invoke(Method.java:498)
	at mysevlete.ServletTest.doServlet(ServletTest.java:96)
	at mainServer.WorkRunable.run(WorkRunable.java:54)
	at java.util.concurrent.ThreadPoolExecutor.runWorker(ThreadPoolExecutor.java:1142)
	at java.util.concurrent.ThreadPoolExecutor$Worker.run(ThreadPoolExecutor.java:617)
	at java.lang.Thread.run(Thread.java:748)
ERROR 77 [2018-09-02 13:07:53,700] util.JdbcMethod.StoreJdbc - This is error:
com.mysql.jdbc.exceptions.MySQLIntegrityConstraintViolationException: Duplicate entry '15555555555__11' for key 'PRIMARY'
	at com.mysql.jdbc.SQLError.createSQLException(SQLError.java:931)
	at com.mysql.jdbc.MysqlIO.checkErrorPacket(MysqlIO.java:2985)
	at com.mysql.jdbc.MysqlIO.sendCommand(MysqlIO.java:1631)
	at com.mysql.jdbc.MysqlIO.sqlQueryDirect(MysqlIO.java:1723)
	at com.mysql.jdbc.Connection.execSQL(Connection.java:3283)
	at com.mysql.jdbc.PreparedStatement.executeInternal(PreparedStatement.java:1332)
	at com.mysql.jdbc.PreparedStatement.executeUpdate(PreparedStatement.java:1604)
	at com.mysql.jdbc.PreparedStatement.executeUpdate(PreparedStatement.java:1519)
	at com.mysql.jdbc.PreparedStatement.executeUpdate(PreparedStatement.java:1504)
	at util.JdbcMethod.StoreJdbc.insertGoods(StoreJdbc.java:64)
	at control.Store.doStore(Store.java:20)
	at sun.reflect.NativeMethodAccessorImpl.invoke0(Native Method)
	at sun.reflect.NativeMethodAccessorImpl.invoke(NativeMethodAccessorImpl.java:62)
	at sun.reflect.DelegatingMethodAccessorImpl.invoke(DelegatingMethodAccessorImpl.java:43)
	at java.lang.reflect.Method.invoke(Method.java:498)
	at mysevlete.ServletTest.doServlet(ServletTest.java:96)
	at mainServer.WorkRunable.run(WorkRunable.java:54)
	at java.util.concurrent.ThreadPoolExecutor.runWorker(ThreadPoolExecutor.java:1142)
	at java.util.concurrent.ThreadPoolExecutor$Worker.run(ThreadPoolExecutor.java:617)
	at java.lang.Thread.run(Thread.java:748)
